TN:
SF:src\server.ts
FN:8,connectDB
FN:29,(anonymous_2)
FNF:2
FNH:2
FNDA:3,connectDB
FNDA:1,(anonymous_2)
DA:2,2
DA:3,2
DA:4,2
DA:5,2
DA:8,2
DA:9,3
DA:10,3
DA:11,1
DA:12,1
DA:14,1
DA:15,1
DA:19,2
DA:22,2
DA:25,2
DA:27,2
DA:29,2
DA:30,1
DA:33,2
LF:18
LH:18
BRF:0
BRH:0
end_of_record
TN:
SF:src\config\db.ts
FNF:0
FNH:0
DA:1,2
DA:2,2
DA:4,2
DA:6,2
DA:11,2
LF:5
LH:5
BRF:0
BRH:0
end_of_record
TN:
SF:src\handlers\product.ts
FN:5,(anonymous_1)
FN:18,(anonymous_2)
FN:38,(anonymous_3)
FN:45,(anonymous_4)
FN:62,(anonymous_5)
FN:78,(anonymous_6)
FNF:6
FNH:5
FNDA:2,(anonymous_1)
FNDA:4,(anonymous_2)
FNDA:1,(anonymous_3)
FNDA:0,(anonymous_4)
FNDA:1,(anonymous_5)
FNDA:2,(anonymous_6)
DA:2,2
DA:5,2
DA:7,2
DA:13,2
DA:18,2
DA:19,4
DA:20,4
DA:21,4
DA:22,4
DA:24,2
DA:25,1
DA:30,1
DA:32,2
DA:38,2
DA:41,1
DA:42,1
DA:45,2
DA:46,0
DA:47,0
DA:49,0
DA:50,0
DA:55,0
DA:56,0
DA:58,0
DA:62,2
DA:63,1
DA:64,1
DA:66,1
DA:67,1
DA:72,0
DA:73,0
DA:74,0
DA:78,2
DA:79,2
DA:80,2
DA:82,2
DA:83,1
DA:88,1
DA:89,1
LF:39
LH:29
BRDA:24,0,0,1
BRDA:49,1,0,0
BRDA:66,2,0,1
BRDA:82,3,0,1
BRF:4
BRH:3
end_of_record
TN:
SF:src\middleware\index.ts
FN:5,(anonymous_0)
FNF:1
FNH:1
FNDA:10,(anonymous_0)
DA:2,2
DA:5,2
DA:8,10
DA:9,10
DA:10,6
DA:13,4
LF:6
LH:6
BRDA:9,0,0,6
BRF:1
BRH:1
end_of_record
TN:
SF:src\models\Product.model.ts
FNF:0
FNH:0
DA:1,2
DA:9,2
DA:14,2
DA:19,2
DA:25,2
DA:29,2
LF:6
LH:6
BRF:0
BRH:0
end_of_record
TN:
SF:src\routers\router.ts
FN:27,(anonymous_0)
FN:43,(anonymous_1)
FNF:2
FNH:2
FNDA:4,(anonymous_0)
FNDA:2,(anonymous_1)
DA:1,2
DA:2,2
DA:3,2
DA:4,2
DA:6,2
DA:10,2
DA:11,2
DA:16,2
DA:27,4
DA:32,2
DA:43,2
DA:51,2
DA:57,2
DA:64,2
LF:14
LH:14
BRF:0
BRH:0
end_of_record
